<?xml version="1.0" encoding="UTF-8"?>
<testng-results ignored="0" total="1" passed="1" failed="0" skipped="0">
  <reporter-output>
  </reporter-output>
  <suite started-at="2021-04-16T19:34:32Z" name="Default suite" finished-at="2021-04-16T19:36:14Z" duration-ms="101899">
    <groups>
    </groups>
    <test started-at="2021-04-16T19:34:32Z" name="Default test" finished-at="2021-04-16T19:36:14Z" duration-ms="101899">
      <class name="com.qa.testcase.YourConnectionPageTest">
        <test-method is-config="true" signature="setup()[pri:0, instance:com.qa.testcase.YourConnectionPageTest@173ed316]" started-at="2021-04-16T19:34:33Z" name="setup" finished-at="2021-04-16T19:35:54Z" duration-ms="81258" status="PASS">
          <reporter-output>
          </reporter-output>
        </test-method> <!-- setup -->
        <test-method signature="validateYourConnectionDetailsTest()[pri:1, instance:com.qa.testcase.YourConnectionPageTest@173ed316]" started-at="2021-04-16T19:35:54Z" name="validateYourConnectionDetailsTest" finished-at="2021-04-16T19:36:14Z" duration-ms="20594" status="PASS">
          <reporter-output>
          </reporter-output>
        </test-method> <!-- validateYourConnectionDetailsTest -->
      </class> <!-- com.qa.testcase.YourConnectionPageTest -->
    </test> <!-- Default test -->
  </suite> <!-- Default suite -->
</testng-results>
