<?xml version="1.0" encoding="UTF-8"?>
<testng-results skipped="0" failed="0" ignored="0" total="1" passed="1">
  <reporter-output>
  </reporter-output>
  <suite name="Default suite" duration-ms="47803" started-at="2021-03-09T16:28:23Z" finished-at="2021-03-09T16:29:11Z">
    <groups>
    </groups>
    <test name="Default test" duration-ms="47803" started-at="2021-03-09T16:28:23Z" finished-at="2021-03-09T16:29:11Z">
      <class name="com.qa.testcase.PopUpPageTest">
        <test-method status="PASS" signature="setup()[pri:0, instance:com.qa.testcase.PopUpPageTest@e50a6f6]" name="setup" is-config="true" duration-ms="46821" started-at="2021-03-09T16:28:23Z" finished-at="2021-03-09T16:29:10Z">
          <reporter-output>
          </reporter-output>
        </test-method> <!-- setup -->
        <test-method status="PASS" signature="validateCredentialsTest()[pri:1, instance:com.qa.testcase.PopUpPageTest@e50a6f6]" name="validateCredentialsTest" duration-ms="918" started-at="2021-03-09T16:29:10Z" finished-at="2021-03-09T16:29:11Z">
          <reporter-output>
          </reporter-output>
        </test-method> <!-- validateCredentialsTest -->
      </class> <!-- com.qa.testcase.PopUpPageTest -->
    </test> <!-- Default test -->
  </suite> <!-- Default suite -->
</testng-results>
