<?xml version="1.0" encoding="UTF-8"?>
<testng-results skipped="0" failed="0" ignored="0" total="1" passed="1">
  <reporter-output>
  </reporter-output>
  <suite name="Default suite" duration-ms="35387" started-at="2021-03-08T17:58:31Z" finished-at="2021-03-08T17:59:06Z">
    <groups>
    </groups>
    <test name="Default test" duration-ms="35387" started-at="2021-03-08T17:58:31Z" finished-at="2021-03-08T17:59:06Z">
      <class name="com.qa.testcase.ResidentialPageTest">
        <test-method status="PASS" signature="setup()[pri:0, instance:com.qa.testcase.ResidentialPageTest@e50a6f6]" name="setup" is-config="true" duration-ms="29946" started-at="2021-03-08T17:58:31Z" finished-at="2021-03-08T17:59:01Z">
          <reporter-output>
          </reporter-output>
        </test-method> <!-- setup -->
        <test-method status="PASS" signature="validatePropertyTest()[pri:1, instance:com.qa.testcase.ResidentialPageTest@e50a6f6]" name="validatePropertyTest" duration-ms="5377" started-at="2021-03-08T17:59:01Z" finished-at="2021-03-08T17:59:06Z">
          <reporter-output>
          </reporter-output>
        </test-method> <!-- validatePropertyTest -->
      </class> <!-- com.qa.testcase.ResidentialPageTest -->
    </test> <!-- Default test -->
  </suite> <!-- Default suite -->
</testng-results>
