<?xml version="1.0" encoding="UTF-8"?>
<testng-results ignored="0" total="1" passed="1" failed="0" skipped="0">
  <reporter-output>
  </reporter-output>
  <suite started-at="2021-04-17T23:04:49Z" name="Default suite" finished-at="2021-04-17T23:07:15Z" duration-ms="145600">
    <groups>
    </groups>
    <test started-at="2021-04-17T23:04:49Z" name="Default test" finished-at="2021-04-17T23:07:15Z" duration-ms="145600">
      <class name="com.qa.testcase.OtpPageTest">
        <test-method is-config="true" signature="setup()[pri:0, instance:com.qa.testcase.OtpPageTest@17f62e33]" started-at="2021-04-17T23:04:49Z" name="setup" finished-at="2021-04-17T23:06:57Z" duration-ms="127743" status="PASS">
          <reporter-output>
          </reporter-output>
        </test-method> <!-- setup -->
        <test-method signature="validateOtpPageTest()[pri:1, instance:com.qa.testcase.OtpPageTest@17f62e33]" started-at="2021-04-17T23:06:57Z" name="validateOtpPageTest" finished-at="2021-04-17T23:07:14Z" duration-ms="17086" status="PASS">
          <reporter-output>
          </reporter-output>
        </test-method> <!-- validateOtpPageTest -->
        <test-method is-config="true" signature="tearDown()[pri:0, instance:com.qa.testcase.OtpPageTest@17f62e33]" started-at="2021-04-17T23:07:14Z" name="tearDown" finished-at="2021-04-17T23:07:15Z" duration-ms="724" status="PASS">
          <reporter-output>
          </reporter-output>
        </test-method> <!-- tearDown -->
      </class> <!-- com.qa.testcase.OtpPageTest -->
    </test> <!-- Default test -->
  </suite> <!-- Default suite -->
</testng-results>
