<?xml version="1.0" encoding="UTF-8"?>
<testng-results ignored="0" total="1" passed="1" failed="0" skipped="0">
  <reporter-output>
  </reporter-output>
  <suite started-at="2021-04-17T22:38:59Z" name="Default suite" finished-at="2021-04-17T22:41:20Z" duration-ms="140598">
    <groups>
    </groups>
    <test started-at="2021-04-17T22:38:59Z" name="Default test" finished-at="2021-04-17T22:41:20Z" duration-ms="140598">
      <class name="com.qa.testcase.OtpPageTest">
        <test-method is-config="true" signature="setup()[pri:0, instance:com.qa.testcase.OtpPageTest@173ed316]" started-at="2021-04-17T22:38:59Z" name="setup" finished-at="2021-04-17T22:41:10Z" duration-ms="130439" status="PASS">
          <reporter-output>
          </reporter-output>
        </test-method> <!-- setup -->
        <test-method signature="validateOtpPageTest()[pri:1, instance:com.qa.testcase.OtpPageTest@173ed316]" started-at="2021-04-17T22:41:10Z" name="validateOtpPageTest" finished-at="2021-04-17T22:41:20Z" duration-ms="10116" status="PASS">
          <reporter-output>
          </reporter-output>
        </test-method> <!-- validateOtpPageTest -->
      </class> <!-- com.qa.testcase.OtpPageTest -->
    </test> <!-- Default test -->
  </suite> <!-- Default suite -->
</testng-results>
